Copyright 1986-2015 Xilinx, Inc. All Rights Reserved.
----------------------------------------------------------------------------------------
| Tool Version     : Vivado v.2015.2 (win64) Build 1266856 Fri Jun 26 16:35:25 MDT 2015
| Date             : Wed Jun 27 22:48:20 2018
| Host             : KEN running 64-bit major release  (build 9200)
| Command          : 
| Design           : design_1_wrapper
| Device           : xc7a35tcpg236-1
| Design State     : Routed
| Grade            : commercial
| Process          : typical
| Characterization : Production
----------------------------------------------------------------------------------------

Power Report

Table of Contents
-----------------
1. Summary
1.1 On-Chip Components
1.2 Power Supply Summary
1.3 Confidence Level
2. Settings
2.1 Environment
2.2 Clock Constraints
3. Detailed Reports
3.1 By Hierarchy

1. Summary
----------

+--------------------------+----------------------------------+
| Total On-Chip Power (W)  | 13.436 (Junction temp exceeded!) |
| Dynamic (W)              | 13.226                           |
| Device Static (W)        | 0.210                            |
| Effective TJA (C/W)      | 5.0                              |
| Max Ambient (C)          | 17.8                             |
| Junction Temperature (C) | 92.2                             |
| Confidence Level         | Low                              |
| Setting File             | ---                              |
| Simulation Activity File | ---                              |
| Design Nets Matched      | NA                               |
+--------------------------+----------------------------------+


1.1 On-Chip Components
----------------------

+----------------+-----------+----------+-----------+-----------------+
| On-Chip        | Power (W) | Used     | Available | Utilization (%) |
+----------------+-----------+----------+-----------+-----------------+
| Slice Logic    |     0.773 |      236 |       --- |             --- |
|   LUT as Logic |     0.703 |       76 |     20800 |            0.37 |
|   Register     |     0.036 |       98 |     41600 |            0.24 |
|   CARRY4       |     0.029 |       16 |      8150 |            0.20 |
|   BUFG         |     0.006 |        1 |        32 |            3.13 |
|   Others       |     0.000 |       30 |       --- |             --- |
| Signals        |     0.738 |      197 |       --- |             --- |
| I/O            |    11.715 |       16 |       106 |           15.09 |
| Static Power   |     0.210 |          |           |                 |
| Total          |    13.436 |          |           |                 |
+----------------+-----------+----------+-----------+-----------------+


1.2 Power Supply Summary
------------------------

+-----------+-------------+-----------+-------------+------------+
| Source    | Voltage (V) | Total (A) | Dynamic (A) | Static (A) |
+-----------+-------------+-----------+-------------+------------+
| Vccint    |       1.000 |     1.641 |       1.519 |      0.121 |
| Vccaux    |       1.800 |     0.455 |       0.429 |      0.026 |
| Vcco33    |       3.300 |     3.315 |       3.314 |      0.001 |
| Vcco25    |       2.500 |     0.000 |       0.000 |      0.000 |
| Vcco18    |       1.800 |     0.000 |       0.000 |      0.000 |
| Vcco15    |       1.500 |     0.000 |       0.000 |      0.000 |
| Vcco135   |       1.350 |     0.000 |       0.000 |      0.000 |
| Vcco12    |       1.200 |     0.000 |       0.000 |      0.000 |
| Vccaux_io |       1.800 |     0.000 |       0.000 |      0.000 |
| Vccbram   |       1.000 |     0.003 |       0.000 |      0.003 |
| MGTAVcc   |       1.000 |     0.000 |       0.000 |      0.000 |
| MGTAVtt   |       1.200 |     0.000 |       0.000 |      0.000 |
| Vccadc    |       1.800 |     0.020 |       0.000 |      0.020 |
+-----------+-------------+-----------+-------------+------------+


1.3 Confidence Level
--------------------

+-----------------------------+------------+--------------------------------------------------------+--------------------------------------------------------------------------------------------------------------------+
| User Input Data             | Confidence | Details                                                | Action                                                                                                             |
+-----------------------------+------------+--------------------------------------------------------+--------------------------------------------------------------------------------------------------------------------+
| Design implementation state | High       | Design is routed                                       |                                                                                                                    |
| Clock nodes activity        | Low        | User specified less than 75% of clocks                 | Provide missing clock activity with a constraint file, simulation results or by editing the "By Clock Domain" view |
| I/O nodes activity          | Low        | More than 75% of inputs are missing user specification | Provide missing input activity with simulation results or by editing the "By Resource Type -> I/Os" view           |
| Internal nodes activity     | Medium     | User specified less than 25% of internal nodes         | Provide missing internal nodes activity with simulation results or by editing the "By Resource Type" views         |
| Device models               | High       | Device models are Production                           |                                                                                                                    |
|                             |            |                                                        |                                                                                                                    |
| Overall confidence level    | Low        |                                                        |                                                                                                                    |
+-----------------------------+------------+--------------------------------------------------------+--------------------------------------------------------------------------------------------------------------------+


2. Settings
-----------

2.1 Environment
---------------

+-----------------------+--------------------------+
| Ambient Temp (C)      | 25.0                     |
| ThetaJA (C/W)         | 5.0                      |
| Airflow (LFM)         | 250                      |
| Heat Sink             | medium (Medium Profile)  |
| ThetaSA (C/W)         | 4.6                      |
| Board Selection       | medium (10"x10")         |
| # of Board Layers     | 12to15 (12 to 15 Layers) |
| Board Temperature (C) | 25.0                     |
+-----------------------+--------------------------+


2.2 Clock Constraints
---------------------

+-------+--------+-----------------+
| Clock | Domain | Constraint (ns) |
+-------+--------+-----------------+


3. Detailed Reports
-------------------

3.1 By Hierarchy
----------------

+------------------------------+-----------+
| Name                         | Power (W) |
+------------------------------+-----------+
| design_1_wrapper             |    13.226 |
|   design_1_i                 |     1.488 |
|     BCD2SEG7_0               |     0.209 |
|       BI_RBO_n_IOBUF_inst    |     0.000 |
|       inst                   |     0.209 |
|     clk_div_0                |     0.015 |
|       inst                   |     0.015 |
|     clk_div_1                |     0.042 |
|       inst                   |     0.042 |
|     decimal_counter_0        |     0.087 |
|       inst                   |     0.087 |
|     decimal_counter_1        |     0.189 |
|       inst                   |     0.189 |
|     decimal_counter_2        |     0.197 |
|       inst                   |     0.197 |
|     decimal_counter_3        |     0.096 |
|       inst                   |     0.096 |
|     decimal_counter_4        |     0.207 |
|       inst                   |     0.207 |
|     decode138_0              |     0.099 |
|       inst                   |     0.099 |
|     four_2_input_nand_gate_0 |     0.054 |
|     mux_8_to_1_0             |     0.089 |
|     mux_8_to_1_1             |     0.065 |
|     mux_8_to_1_2             |     0.092 |
|     mux_8_to_1_3             |     0.047 |
|     six_not_gate_0           |     0.000 |
+------------------------------+-----------+


