#-----------------------------------------------------------
# Vivado v2015.2 (64-bit)
# SW Build 1266856 on Fri Jun 26 16:35:25 MDT 2015
# IP Build 1264090 on Wed Jun 24 14:22:01 MDT 2015
# Start of session at: Sun Jun 24 21:58:04 2018
# Process ID: 1496
# Log file: D:/The Second Semester/Digital Circuits and Logical Design Laboratory/Final Assignment/basys3_1/vivado.log
# Journal file: D:/The Second Semester/Digital Circuits and Logical Design Laboratory/Final Assignment/basys3_1\vivado.jou
#-----------------------------------------------------------
start_gui
open_project {D:/The Second Semester/Digital Circuits and Logical Design Laboratory/Final Assignment/basys3_1/clock.xpr}
INFO: [ProjectBase 1-489] The host OS only allows 260 characters in a normal path. The project is stored in a path with more than 80 characters. If you experience issues with IP, Block Designs, or files not being found, please consider moving the project to a location with a shorter path. Alternately consider using the OS subst command to map part of the path to a drive letter.
Current project path is 'D:/The Second Semester/Digital Circuits and Logical Design Laboratory/Final Assignment/basys3_1'
Scanning sources...
Finished scanning sources
WARNING: [filemgmt 56-3] IP Repository Path: Could not find the directory 'D:/BaiduNetdiskDownload/201803/74IP/XUP_74LS42_1.0'.
WARNING: [filemgmt 56-3] IP Repository Path: Could not find the directory 'D:/BaiduNetdiskDownload/201803/74IP/xup_74LS148_1.0'.
WARNING: [filemgmt 56-3] IP Repository Path: Could not find the directory 'D:/BaiduNetdiskDownload/201803/74IP/xup_74LS90_1.0'.
WARNING: [filemgmt 56-3] IP Repository Path: Could not find the directory 'D:/BaiduNetdiskDownload/201803/74IP/XUP_74LS21_1.0'.
WARNING: [filemgmt 56-3] IP Repository Path: Could not find the directory 'D:/BaiduNetdiskDownload/201803/74IP/xup_74LS48_1.0'.
WARNING: [filemgmt 56-3] IP Repository Path: Could not find the directory 'D:/BaiduNetdiskDownload/201803/74IP'.
WARNING: [filemgmt 56-3] IP Repository Path: Could not find the directory 'D:/BaiduNetdiskDownload/201803/74IP/XUP_74LS30_1.0'.
WARNING: [filemgmt 56-3] IP Repository Path: Could not find the directory 'D:/BaiduNetdiskDownload/201803/74IP/XUP_SPI_master_1.0'.
WARNING: [filemgmt 56-3] IP Repository Path: Could not find the directory 'D:/BaiduNetdiskDownload/201803/74IP/XUP_74LS138_1.0'.
WARNING: [filemgmt 56-3] IP Repository Path: Could not find the directory 'D:/BaiduNetdiskDownload/201803/74IP/xup_nand4_1'.
WARNING: [filemgmt 56-3] IP Repository Path: Could not find the directory 'D:/BaiduNetdiskDownload/201803/74IP/xup_74LS164_1.0'.
WARNING: [filemgmt 56-3] IP Repository Path: Could not find the directory 'D:/BaiduNetdiskDownload/201803/74IP/XUP_74LS32_1.0'.
WARNING: [filemgmt 56-3] IP Repository Path: Could not find the directory 'D:/BaiduNetdiskDownload/201803/74IP/XUP_74LS74_1.0'.
WARNING: [filemgmt 56-3] IP Repository Path: Could not find the directory 'D:/BaiduNetdiskDownload/201803/74IP/xup_clk_div_1.0'.
WARNING: [filemgmt 56-3] IP Repository Path: Could not find the directory 'D:/BaiduNetdiskDownload/201803/74IP/xup_74LS151_1.0'.
WARNING: [filemgmt 56-3] IP Repository Path: Could not find the directory 'D:/BaiduNetdiskDownload/201803/74IP/XUP_VGA_1440x900_1.0'.
WARNING: [filemgmt 56-3] IP Repository Path: Could not find the directory 'D:/BaiduNetdiskDownload/201803/74IP/XUP_74LS27_1.0'.
WARNING: [filemgmt 56-3] IP Repository Path: Could not find the directory 'D:/BaiduNetdiskDownload/201803/74IP/XUP_UART_1.0'.
WARNING: [filemgmt 56-3] IP Repository Path: Could not find the directory 'D:/BaiduNetdiskDownload/201803/74IP/XUP_74LS11_1.0'.
WARNING: [filemgmt 56-3] IP Repository Path: Could not find the directory 'D:/BaiduNetdiskDownload/201803/74IP/XUP_74LS20_1.0'.
WARNING: [filemgmt 56-3] IP Repository Path: Could not find the directory 'D:/BaiduNetdiskDownload/201803/74IP/XUP_74LS10_1.0'.
WARNING: [filemgmt 56-3] IP Repository Path: Could not find the directory 'D:/BaiduNetdiskDownload/201803/74IP/XUP_74LS04_1.0'.
WARNING: [filemgmt 56-3] IP Repository Path: Could not find the directory 'D:/BaiduNetdiskDownload/201803/74IP/XUP_74LS02_1.0'.
WARNING: [filemgmt 56-3] IP Repository Path: Could not find the directory 'D:/BaiduNetdiskDownload/201803/74IP/XUP_74LS00_1.0'.
INFO: [IP_Flow 19-234] Refreshing IP repositories
WARNING: [IP_Flow 19-3685] Ignored loading user repository 'd:/BaiduNetdiskDownload/201803/74IP/XUP_74LS42_1.0'. The path is contained within another repository.
WARNING: [IP_Flow 19-3685] Ignored loading user repository 'd:/BaiduNetdiskDownload/201803/74IP/xup_74LS148_1.0'. The path is contained within another repository.
WARNING: [IP_Flow 19-3685] Ignored loading user repository 'd:/BaiduNetdiskDownload/201803/74IP/xup_74LS90_1.0'. The path is contained within another repository.
WARNING: [IP_Flow 19-3685] Ignored loading user repository 'd:/BaiduNetdiskDownload/201803/74IP/XUP_74LS21_1.0'. The path is contained within another repository.
WARNING: [IP_Flow 19-3685] Ignored loading user repository 'd:/BaiduNetdiskDownload/201803/74IP/xup_74LS48_1.0'. The path is contained within another repository.
WARNING: [IP_Flow 19-2248] Failed to load user IP repository 'd:/BaiduNetdiskDownload/201803/74IP'; Can't find the specified path.
If this directory should no longer be in your list of user repositories, go to the IP Settings dialog and remove it.
WARNING: [IP_Flow 19-3685] Ignored loading user repository 'd:/BaiduNetdiskDownload/201803/74IP/XUP_74LS30_1.0'. The path is contained within another repository.
WARNING: [IP_Flow 19-3685] Ignored loading user repository 'd:/BaiduNetdiskDownload/201803/74IP/XUP_SPI_master_1.0'. The path is contained within another repository.
WARNING: [IP_Flow 19-3685] Ignored loading user repository 'd:/BaiduNetdiskDownload/201803/74IP/XUP_74LS138_1.0'. The path is contained within another repository.
WARNING: [IP_Flow 19-3685] Ignored loading user repository 'd:/BaiduNetdiskDownload/201803/74IP/xup_nand4_1'. The path is contained within another repository.
WARNING: [IP_Flow 19-3685] Ignored loading user repository 'd:/BaiduNetdiskDownload/201803/74IP/xup_74LS164_1.0'. The path is contained within another repository.
WARNING: [IP_Flow 19-3685] Ignored loading user repository 'd:/BaiduNetdiskDownload/201803/74IP/XUP_74LS32_1.0'. The path is contained within another repository.
WARNING: [IP_Flow 19-3685] Ignored loading user repository 'd:/BaiduNetdiskDownload/201803/74IP/XUP_74LS74_1.0'. The path is contained within another repository.
WARNING: [IP_Flow 19-3685] Ignored loading user repository 'd:/BaiduNetdiskDownload/201803/74IP/xup_clk_div_1.0'. The path is contained within another repository.
WARNING: [IP_Flow 19-3685] Ignored loading user repository 'd:/BaiduNetdiskDownload/201803/74IP/xup_74LS151_1.0'. The path is contained within another repository.
WARNING: [IP_Flow 19-3685] Ignored loading user repository 'd:/BaiduNetdiskDownload/201803/74IP/XUP_VGA_1440x900_1.0'. The path is contained within another repository.
WARNING: [IP_Flow 19-3685] Ignored loading user repository 'd:/BaiduNetdiskDownload/201803/74IP/XUP_74LS27_1.0'. The path is contained within another repository.
WARNING: [IP_Flow 19-3685] Ignored loading user repository 'd:/BaiduNetdiskDownload/201803/74IP/XUP_UART_1.0'. The path is contained within another repository.
WARNING: [IP_Flow 19-3685] Ignored loading user repository 'd:/BaiduNetdiskDownload/201803/74IP/XUP_74LS11_1.0'. The path is contained within another repository.
WARNING: [IP_Flow 19-3685] Ignored loading user repository 'd:/BaiduNetdiskDownload/201803/74IP/XUP_74LS20_1.0'. The path is contained within another repository.
WARNING: [IP_Flow 19-3685] Ignored loading user repository 'd:/BaiduNetdiskDownload/201803/74IP/XUP_74LS10_1.0'. The path is contained within another repository.
WARNING: [IP_Flow 19-3685] Ignored loading user repository 'd:/BaiduNetdiskDownload/201803/74IP/XUP_74LS04_1.0'. The path is contained within another repository.
WARNING: [IP_Flow 19-3685] Ignored loading user repository 'd:/BaiduNetdiskDownload/201803/74IP/XUP_74LS02_1.0'. The path is contained within another repository.
WARNING: [IP_Flow 19-3685] Ignored loading user repository 'd:/BaiduNetdiskDownload/201803/74IP/XUP_74LS00_1.0'. The path is contained within another repository.
INFO: [IP_Flow 19-2313] Loaded Vivado IP repository 'D:/Xilinx/Vivado/2015.2/data/ip'.
WARNING: [BD 41-1661] One or more IPs have been locked in the design 'design_1.bd'. Please run report_ip_status for more details and recommendations on how to fix this issue.
List of locked IPs:
design_1_mux_8_to_1_3_0
design_1_four_2_input_nand_gate_0_0
design_1_clk_div_0_0
design_1_clk_div_1_0
design_1_decimal_counter_0_0
design_1_decimal_counter_1_0
design_1_decimal_counter_2_0
design_1_decimal_counter_3_0
design_1_six_not_gate_0_0
design_1_decimal_counter_4_0
design_1_mux_8_to_1_0_0
design_1_mux_8_to_1_1_0
design_1_mux_8_to_1_2_0
design_1_BCD2SEG7_0_0
design_1_decode138_0_0

open_project: Time (s): cpu = 00:00:12 ; elapsed = 00:00:11 . Memory (MB): peak = 672.199 ; gain = 105.016
open_hw
connect_hw_server
INFO: [Labtools 27-2285] Connecting to hw_server url TCP:localhost:3121
INFO: [Labtools 27-2222] Launching hw_server...
INFO: [Labtools 27-2221] Launch Output:

****** Xilinx hw_server v2015.2
  **** Build date : Jun 26 2015-16:56:39
    ** Copyright 1986-1999, 2001-2015 Xilinx, Inc. All Rights Reserved.


open_hw_target [lindex [get_hw_targets -of_objects [get_hw_servers localhost]] 0]
INFO: [Labtoolstcl 44-466] Opening hw_target localhost:3121/xilinx_tcf/Digilent/210183A27EC9A
set_property PROGRAM.FILE {D:/The Second Semester/Digital Circuits and Logical Design Laboratory/Final Assignment/basys3_1/clock.runs/impl_1/design_1_wrapper.bit} [lindex [get_hw_devices] 0]
current_hw_device [lindex [get_hw_devices] 0]
refresh_hw_device -update_hw_probes false [lindex [get_hw_devices] 0]
INFO: [Labtools 27-1434] Device xc7a35t (JTAG device index = 0) is programmed with a design that has no supported debug core(s) in it.
WARNING: [Labtools 27-3123] The debug hub core was not detected at User Scan Chain 1 or 3.
Resolution: 
1. Make sure the clock connected to the debug hub (dbg_hub) core is a free running clock and is active OR
2. Manually launch hw_server with -e "set xsdb-user-bscan <C_USER_SCAN_CHAIN scan_chain_number>" to detect the debug hub at User Scan Chain of 2 or 4. To determine the user scan chain setting, open the implemented design and use: get_property C_USER_SCAN_CHAIN [get_debug_cores dbg_hub].
set_property PROBES.FILE {} [lindex [get_hw_devices] 0]
set_property PROGRAM.FILE {D:/The Second Semester/Digital Circuits and Logical Design Laboratory/Final Assignment/basys3_1/clock.runs/impl_1/design_1_wrapper.bit} [lindex [get_hw_devices] 0]
program_hw_devices [lindex [get_hw_devices] 0]
INFO: [Labtools 27-3164] End of startup status: HIGH
refresh_hw_device [lindex [get_hw_devices] 0]
INFO: [Labtools 27-1434] Device xc7a35t (JTAG device index = 0) is programmed with a design that has no supported debug core(s) in it.
WARNING: [Labtools 27-3123] The debug hub core was not detected at User Scan Chain 1 or 3.
Resolution: 
1. Make sure the clock connected to the debug hub (dbg_hub) core is a free running clock and is active OR
2. Manually launch hw_server with -e "set xsdb-user-bscan <C_USER_SCAN_CHAIN scan_chain_number>" to detect the debug hub at User Scan Chain of 2 or 4. To determine the user scan chain setting, open the implemented design and use: get_property C_USER_SCAN_CHAIN [get_debug_cores dbg_hub].
exit
INFO: [Common 17-206] Exiting Vivado at Sun Jun 24 21:59:20 2018...
